#
# A fatal error has been detected by the Java Runtime Environment:
#
#  EXCEPTION_ACCESS_VIOLATION (0xc0000005) at pc=0x00007ffdc5267db7, pid=18100, tid=17632
#
# JRE version: Java(TM) SE Runtime Environment (17.0.12+8) (build 17.0.12+8-LTS-286)
# Java VM: Java HotSpot(TM) 64-Bit Server VM (17.0.12+8-LTS-286, mixed mode, sharing, tiered, compressed oops, compressed class ptrs, g1 gc, windows-amd64)
# Problematic frame:
# C  [glass.dll+0x27db7]
#
# No core dump will be written. Minidumps are not enabled by default on client versions of Windows
#
# If you would like to submit a bug report, please visit:
#   https://bugreport.java.com/bugreport/crash.jsp
#

---------------  S U M M A R Y ------------

Command Line: -javaagent:C:\Program Files\JetBrains\IntelliJ IDEA 2024.2.1\lib\idea_rt.jar=56001:C:\Program Files\JetBrains\IntelliJ IDEA 2024.2.1\bin -Dfile.encoding=UTF-8 --module-path=C:\Users\Flori\.m2\repository\org\openjfx\javafx-controls\22\javafx-controls-22-win.jar;C:\Users\Flori\.m2\repository\org\slf4j\slf4j-api\2.0.0-alpha1\slf4j-api-2.0.0-alpha1.jar;C:\Users\Flori\.m2\repository\com\zaxxer\HikariCP\5.0.1\HikariCP-5.0.1.jar;C:\Users\Flori\.m2\repository\org\openjfx\javafx-base\22\javafx-base-22-win.jar;C:\Users\Flori\.m2\repository\org\openjfx\javafx-fxml\22\javafx-fxml-22-win.jar;C:\Users\Flori\.m2\repository\de\jensd\fontawesomefx-fontawesome\4.7.0-9.1.2\fontawesomefx-fontawesome-4.7.0-9.1.2.jar;C:\Users\Flori\IdeaProjects\LogicielF4\target\classes;C:\Users\Flori\.m2\repository\de\jensd\fontawesomefx-commons\9.1.2\fontawesomefx-commons-9.1.2.jar;C:\Users\Flori\.m2\repository\org\openjfx\javafx-graphics\22\javafx-graphics-22-win.jar;C:\Users\Flori\.m2\repository\org\apache\pdfbox\pdfbox\3.0.3\pdfbox-3.0.3.jar -Djdk.module.main=com.f4.logicielf4 com.f4.logicielf4/com.f4.logicielf4.App

Host: Intel(R) Core(TM) i5-9400F CPU @ 2.90GHz, 6 cores, 15G,  Windows 10 , 64 bit Build 19041 (10.0.19041.4957)
Time: Sun Oct 27 23:33:56 2024 Est (heure d, 64 bit Build 19041 (10.0.19041.4957) elapsed time: 13.618279 seconds (0d 0h 0m 13s)

---------------  T H R E A D  ---------------

Current thread (0x0000011c7f0370f0):  VMThread "VM Thread" [stack: 0x0000000e2ae00000,0x0000000e2af00000] [id=17632]

Stack: [0x0000000e2ae00000,0x0000000e2af00000],  sp=0x0000000e2aefecd0,  free space=1019k
Native frames: (J=compiled Java code, j=interpreted, Vv=VM code, C=native code)
C  [glass.dll+0x27db7]


siginfo: EXCEPTION_ACCESS_VIOLATION (0xc0000005), reading address 0x0000000000000000


Registers:
RAX=0x0000000000000000, RBX=0x0000011c7f0445c8, RCX=0x0000011c7f0370f0, RDX=0x0000000e2aefecd0
RSP=0x0000000e2aefecd0, RBP=0x0000011c7fb98cb8, RSI=0x0000011c7fb98c90, RDI=0x0000e2dfb2a93504
R8 =0x0000000000010002, R9 =0x0000e2dfb2a93504, R10=0x0000000000008000, R11=0x0000000e2aefec60
R12=0x00007ffdc52656c0, R13=0x00007ffda8e53240, R14=0x0000000e2aefedc8, R15=0x0000011c7fb98c90
RIP=0x00007ffdc5267db7, EFLAGS=0x0000000000010202


Register to memory mapping:

RIP=0x00007ffdc5267db7 glass.dll
RAX=0x0 is NULL
RBX=0x0000011c7f0445c8 is a global jni handle
RCX=0x0000011c7f0370f0 points into unknown readable memory: 0x00007ffda8c98038 | 38 80 c9 a8 fd 7f 00 00
RDX=0x0000000e2aefecd0 points into unknown readable memory: 0x0000000000000000 | 00 00 00 00 00 00 00 00
RSP=0x0000000e2aefecd0 points into unknown readable memory: 0x0000000000000000 | 00 00 00 00 00 00 00 00
RBP=0x0000011c7fb98cb8 points into unknown readable memory: 0x0000e2dfb2a93504 | 04 35 a9 b2 df e2 00 00
RSI=0x0000011c7fb98c90 points into unknown readable memory: 0x00071d03e0cc2884 | 84 28 cc e0 03 1d 07 00
RDI=0x0000e2dfb2a93504 is an unknown value
R8 =0x0000000000010002 is an unknown value
R9 =0x0000e2dfb2a93504 is an unknown value
R10=0x0000000000008000 is an unknown value
R11=0x0000000e2aefec60 points into unknown readable memory: 0x0000011c7fb98c90 | 90 8c b9 7f 1c 01 00 00
R12=0x00007ffdc52656c0 glass.dll
R13=0x00007ffda8e53240 jvm.dll
R14=0x0000000e2aefedc8 points into unknown readable memory: 0x0000000e2aefedb0 | b0 ed ef 2a 0e 00 00 00
R15=0x0000011c7fb98c90 points into unknown readable memory: 0x00071d03e0cc2884 | 84 28 cc e0 03 1d 07 00


Top of Stack: (sp=0x0000000e2aefecd0)
0x0000000e2aefecd0:   0000000000000000 0000011c7fb98c90
0x0000000e2aefece0:   00007ffda8e53240 00007ffdc52656c0
0x0000000e2aefecf0:   0000011c7fb98c98 00007ffe01f542d6
0x0000000e2aefed00:   0000e2dfb2a93504 0000011c00000000
0x0000000e2aefed10:   0000011c7fb98cb8 0000011c7fb98c90
0x0000000e2aefed20:   fffffffffffffffe 0000000000000000
0x0000000e2aefed30:   0000000000000001 00007ffdc5240000
0x0000000e2aefed40:   0000000e2aefedb8 00007ffe01f541fb
0x0000000e2aefed50:   0000000000000000 0000000e2aefedc8
0x0000000e2aefed60:   0000000e2aeff0a0 00007ffe02030e40
0x0000000e2aefed70:   0000000000000001 00007ffe01f541b4
0x0000000e2aefed80:   0000000000000000 0000000000000001
0x0000000e2aefed90:   000000007ffe0385 0000000e2aefedb8
0x0000000e2aefeda0:   ffffffff00000001 00007ffdc526554d
0x0000000e2aefedb0:   00007ffdc527d078 00007ffd00000002
0x0000000e2aefedc0:   0000000000000002 0000000e2aefedb0 

Instructions: (pc=0x00007ffdc5267db7)
0x00007ffdc5267cb7:   8b 4d 58 e8 49 cf ff ff 48 8b 4d 60 e8 40 cf ff
0x00007ffdc5267cc7:   ff 48 8b 95 80 00 00 00 48 8b 8d 18 01 00 00 e8
0x00007ffdc5267cd7:   26 c5 ff ff 33 d2 33 c9 e8 8c e1 ff ff 90 48 89
0x00007ffdc5267ce7:   54 24 10 55 48 83 ec 20 48 8b ea 48 b8 00 00 00
0x00007ffdc5267cf7:   00 00 00 00 00 48 83 c4 20 5d c3 cc 40 55 48 8b
0x00007ffdc5267d07:   ea 48 8b 01 33 c9 81 38 05 00 00 c0 0f 94 c1 8b
0x00007ffdc5267d17:   c1 5d c3 cc 40 55 48 83 ec 20 48 8b ea 8a 4d 40
0x00007ffdc5267d27:   48 83 c4 20 5d e9 33 d3 ff ff cc 40 55 48 83 ec
0x00007ffdc5267d37:   20 48 8b ea 8a 4d 20 e8 21 d3 ff ff 90 48 83 c4
0x00007ffdc5267d47:   20 5d c3 cc 40 55 48 83 ec 20 48 8b ea 48 83 c4
0x00007ffdc5267d57:   20 5d e9 82 d1 ff ff cc 40 55 48 83 ec 30 48 8b
0x00007ffdc5267d67:   ea 48 8b 01 8b 10 48 89 4c 24 28 89 54 24 20 4c
0x00007ffdc5267d77:   8d 0d 23 d6 ff ff 4c 8b 45 70 8b 55 68 48 8b 4d
0x00007ffdc5267d87:   60 e8 c3 d0 ff ff 90 48 83 c4 30 5d c3 cc cc cc
0x00007ffdc5267d97:   cc cc cc cc cc cc cc cc cc 40 53 48 83 ec 20 48
0x00007ffdc5267da7:   8b 1d 8b 4c 01 00 48 85 db 74 16 e8 39 90 ff ff
0x00007ffdc5267db7:   4c 8b 00 48 8b d3 48 8b c8 41 ff 90 b0 00 00 00
0x00007ffdc5267dc7:   90 48 83 c4 20 5b c3 cc cc 40 53 48 83 ec 20 48
0x00007ffdc5267dd7:   8b 1d cb 4d 01 00 48 85 db 74 57 b8 ff ff ff ff
0x00007ffdc5267de7:   f0 0f c1 43 10 83 f8 01 75 3d 48 85 db 74 38 48
0x00007ffdc5267df7:   8b 0b 48 85 c9 74 0d ff 15 ac 14 00 00 48 c7 03
0x00007ffdc5267e07:   00 00 00 00 48 8b 4b 08 48 85 c9 74 0d e8 ef cd
0x00007ffdc5267e17:   ff ff 48 c7 43 08 00 00 00 00 ba 18 00 00 00 48
0x00007ffdc5267e27:   8b cb e8 da cd ff ff 48 c7 05 6f 4d 01 00 00 00
0x00007ffdc5267e37:   00 00 48 83 c4 20 5b c3 cc 40 53 48 83 ec 20 48
0x00007ffdc5267e47:   8b 1d 3b 4d 01 00 48 85 db 74 57 b8 ff ff ff ff
0x00007ffdc5267e57:   f0 0f c1 43 10 83 f8 01 75 3d 48 85 db 74 38 48
0x00007ffdc5267e67:   8b 0b 48 85 c9 74 0d ff 15 3c 14 00 00 48 c7 03
0x00007ffdc5267e77:   00 00 00 00 48 8b 4b 08 48 85 c9 74 0d e8 7f cd
0x00007ffdc5267e87:   ff ff 48 c7 43 08 00 00 00 00 ba 18 00 00 00 48
0x00007ffdc5267e97:   8b cb e8 6a cd ff ff 48 c7 05 df 4c 01 00 00 00
0x00007ffdc5267ea7:   00 00 48 83 c4 20 5b c3 cc 40 53 48 83 ec 20 48 


Stack slot to memory mapping:
stack at sp + 0 slots: 0x0 is NULL
stack at sp + 1 slots: 0x0000011c7fb98c90 points into unknown readable memory: 0x00071d03e0cc2884 | 84 28 cc e0 03 1d 07 00
stack at sp + 2 slots: 0x00007ffda8e53240 jvm.dll
stack at sp + 3 slots: 0x00007ffdc52656c0 glass.dll
stack at sp + 4 slots: 0x0000011c7fb98c98 points into unknown readable memory: 0x0000e2dfb2a93504 | 04 35 a9 b2 df e2 00 00
stack at sp + 5 slots: 0x00007ffe01f542d6 ucrtbase.dll
stack at sp + 6 slots: 0x0000e2dfb2a93504 is an unknown value
stack at sp + 7 slots: 0x0000011c00000000 points into unknown readable memory: 0x0000000000000000 | 00 00 00 00 00 00 00 00

VM_Operation (0x0000000e2cb1f2e0): Exit, mode: safepoint, requested by thread 0x0000011c486b9420


---------------  P R O C E S S  ---------------

Threads class SMR info:
_java_thread_list=0x0000011c7f7ef010, length=23, elements={
0x0000011c5e6e0f90, 0x0000011c7f03d3a0, 0x0000011c7f03e7c0, 0x0000011c7f04e840,
0x0000011c7f04f200, 0x0000011c7f050360, 0x0000011c7f0514c0, 0x0000011c7f055f00,
0x0000011c7f057150, 0x0000011c7f05a300, 0x0000011c7f248150, 0x0000011c7f716b70,
0x0000011c7f51d1d0, 0x0000011c7f868a50, 0x0000011c7fc8f630, 0x0000011c7fbf0b40,
0x0000011c48103860, 0x0000011c48102930, 0x0000011c481051b0, 0x0000011c48105bd0,
0x0000011c48102420, 0x0000011c48102e40, 0x0000011c486b9420
}

Java Threads: ( => current thread )
  0x0000011c5e6e0f90 JavaThread "main" [_thread_blocked, id=16256, stack(0x0000000e2a800000,0x0000000e2a900000)]
  0x0000011c7f03d3a0 JavaThread "Reference Handler" daemon [_thread_blocked, id=6244, stack(0x0000000e2af00000,0x0000000e2b000000)]
  0x0000011c7f03e7c0 JavaThread "Finalizer" daemon [_thread_blocked, id=7216, stack(0x0000000e2b000000,0x0000000e2b100000)]
  0x0000011c7f04e840 JavaThread "Signal Dispatcher" daemon [_thread_blocked, id=10744, stack(0x0000000e2b100000,0x0000000e2b200000)]
  0x0000011c7f04f200 JavaThread "Attach Listener" daemon [_thread_blocked, id=17820, stack(0x0000000e2b200000,0x0000000e2b300000)]
  0x0000011c7f050360 JavaThread "Service Thread" daemon [_thread_blocked, id=12684, stack(0x0000000e2b300000,0x0000000e2b400000)]
  0x0000011c7f0514c0 JavaThread "Monitor Deflation Thread" daemon [_thread_blocked, id=14900, stack(0x0000000e2b400000,0x0000000e2b500000)]
  0x0000011c7f055f00 JavaThread "C2 CompilerThread0" daemon [_thread_blocked, id=22928, stack(0x0000000e2b500000,0x0000000e2b600000)]
  0x0000011c7f057150 JavaThread "C1 CompilerThread0" daemon [_thread_blocked, id=10384, stack(0x0000000e2b600000,0x0000000e2b700000)]
  0x0000011c7f05a300 JavaThread "Sweeper thread" daemon [_thread_blocked, id=12360, stack(0x0000000e2b700000,0x0000000e2b800000)]
  0x0000011c7f248150 JavaThread "Common-Cleaner" daemon [_thread_blocked, id=22828, stack(0x0000000e2b800000,0x0000000e2b900000)]
  0x0000011c7f716b70 JavaThread "Monitor Ctrl-Break" daemon [_thread_in_native, id=9544, stack(0x0000000e2ba00000,0x0000000e2bb00000)]
  0x0000011c7f51d1d0 JavaThread "Notification Thread" daemon [_thread_blocked, id=10164, stack(0x0000000e2bb00000,0x0000000e2bc00000)]
  0x0000011c7f868a50 JavaThread "QuantumRenderer-0" daemon [_thread_blocked, id=10364, stack(0x0000000e2bd00000,0x0000000e2be00000)]
  0x0000011c7fc8f630 JavaThread "InvokeLaterDispatcher" daemon [_thread_blocked, id=22476, stack(0x0000000e2c400000,0x0000000e2c500000)]
  0x0000011c7fbf0b40 JavaThread "JavaFX Application Thread" [_thread_in_native, id=15300, stack(0x0000000e2c500000,0x0000000e2c600000)]
  0x0000011c48103860 JavaThread "JavaFX-Launcher" [_thread_blocked, id=10300, stack(0x0000000e2c820000,0x0000000e2c920000)]
  0x0000011c48102930 JavaThread "Thread-2" daemon [_thread_in_native, id=23428, stack(0x0000000e2c720000,0x0000000e2c820000)]
  0x0000011c481051b0 JavaThread "Prism Font Disposer" daemon [_thread_blocked, id=21052, stack(0x0000000e2c920000,0x0000000e2ca20000)]
  0x0000011c48105bd0 JavaThread "mysql-cj-abandoned-connection-cleanup" daemon [_thread_blocked, id=8532, stack(0x0000000e2d230000,0x0000000e2d330000)]
  0x0000011c48102420 JavaThread "Cleaner-0" daemon [_thread_blocked, id=21424, stack(0x0000000e2d530000,0x0000000e2d630000)]
  0x0000011c48102e40 JavaThread "HikariPool-1 housekeeper" daemon [_thread_blocked, id=1836, stack(0x0000000e2d630000,0x0000000e2d730000)]
  0x0000011c486b9420 JavaThread "SIGINT handler" daemon [_thread_blocked, id=12160, stack(0x0000000e2ca20000,0x0000000e2cb20000)]

Other Threads:
=>0x0000011c7f0370f0 VMThread "VM Thread" [stack: 0x0000000e2ae00000,0x0000000e2af00000] [id=17632]
  0x0000011c5e74bdf0 GCTaskThread "GC Thread#0" [stack: 0x0000000e2a900000,0x0000000e2aa00000] [id=15988]
  0x0000011c7fb0e920 GCTaskThread "GC Thread#1" [stack: 0x0000000e2be00000,0x0000000e2bf00000] [id=2820]
  0x0000011c7fb0ebe0 GCTaskThread "GC Thread#2" [stack: 0x0000000e2bf00000,0x0000000e2c000000] [id=9756]
  0x0000011c7fb0eea0 GCTaskThread "GC Thread#3" [stack: 0x0000000e2c000000,0x0000000e2c100000] [id=11172]
  0x0000011c7fb0f160 GCTaskThread "GC Thread#4" [stack: 0x0000000e2c100000,0x0000000e2c200000] [id=12040]
  0x0000011c7fb17cd0 GCTaskThread "GC Thread#5" [stack: 0x0000000e2c200000,0x0000000e2c300000] [id=14524]
  0x0000011c5e75cb00 ConcurrentGCThread "G1 Main Marker" terminated
  0x0000011c5e75dbb0 ConcurrentGCThread "G1 Conc#0" [stack: 0x0000000e2ab00000,0x0000000e2ac00000] [id=14628]
  0x0000011c48b760a0 ConcurrentGCThread "G1 Conc#1" [stack: 0x0000000e2cd20000,0x0000000e2ce20000] [id=22820]
  0x0000011c7eef34e0 ConcurrentGCThread "G1 Refine#0" terminated
  0x0000011c7eef3e10 ConcurrentGCThread "G1 Service" terminated

Threads with active compile tasks:
C2 CompilerThread0  
[error occurred during error reporting (printing all threads), id 0xc0000005, EXCEPTION_ACCESS_VIOLATION (0xc0000005) at pc=0x00007ffda8aa9683]

VM state: at safepoint (shutting down)

VM Mutex/Monitor currently owned by a thread:  ([mutex/lock_event])
[0x0000011c5e6dcc80] Threads_lock - owner thread: 0x0000011c7f0370f0
[0x0000011c5e6dba80] Heap_lock - owner thread: 0x0000011c486b9420

Heap address: 0x0000000701400000, size: 4076 MB, Compressed Oops mode: Zero based, Oop shift amount: 3

CDS archive(s) mapped at: [0x0000011c02000000-0x0000011c02bd0000-0x0000011c02bd0000), size 12386304, SharedBaseAddress: 0x0000011c02000000, ArchiveRelocationMode: 1.
Compressed class space mapped at: 0x0000011c03000000-0x0000011c43000000, reserved size: 1073741824
Narrow klass base: 0x0000011c02000000, Narrow klass shift: 0, Narrow klass range: 0x100000000

GC Precious Log:
 CPUs: 6 total, 6 available
 Memory: 16299M
 Large Page Support: Disabled
 NUMA Support: Disabled
 Compressed Oops: Enabled (Zero based)
 Heap Region Size: 2M
 Heap Min Capacity: 8M
 Heap Initial Capacity: 256M
 Heap Max Capacity: 4076M
 Pre-touch: Disabled
 Parallel Workers: 6
 Concurrent Workers: 2
 Concurrent Refinement Workers: 6
 Periodic GC: Disabled

Heap:
 garbage-first heap   total 245760K, used 138368K [0x0000000701400000, 0x0000000800000000)
  region size 2048K, 5 young (10240K), 1 survivors (2048K)
 Metaspace       used 31613K, committed 31936K, reserved 1114112K
  class space    used 4322K, committed 4480K, reserved 1048576K

Heap Regions: E=young(eden), S=young(survivor), O=old, HS=humongous(starts), HC=humongous(continues), CS=collection set, F=free, OA=open archive, CA=closed archive, TAMS=top-at-mark-start (previous, next)
|   0|0x0000000701400000, 0x0000000701600000, 0x0000000701600000|100%| O|  |TAMS 0x0000000701600000, 0x0000000701400000| Untracked 
|   1|0x0000000701600000, 0x0000000701800000, 0x0000000701800000|100%| O|  |TAMS 0x0000000701800000, 0x0000000701600000| Untracked 
|   2|0x0000000701800000, 0x0000000701800000, 0x0000000701a00000|  0%| F|  |TAMS 0x0000000701800000, 0x0000000701800000| Untracked 
|   3|0x0000000701a00000, 0x0000000701c00000, 0x0000000701c00000|100%|HS|  |TAMS 0x0000000701c00000, 0x0000000701a00000| Complete 
|   4|0x0000000701c00000, 0x0000000701e00000, 0x0000000701e00000|100%|HC|  |TAMS 0x0000000701e00000, 0x0000000701c00000| Complete 
|   5|0x0000000701e00000, 0x0000000702000000, 0x0000000702000000|100%|HS|  |TAMS 0x0000000702000000, 0x0000000701e00000| Complete 
|   6|0x0000000702000000, 0x0000000702200000, 0x0000000702200000|100%|HC|  |TAMS 0x0000000702200000, 0x0000000702000000| Complete 
|   7|0x0000000702200000, 0x0000000702400000, 0x0000000702400000|100%|HC|  |TAMS 0x0000000702400000, 0x0000000702200000| Complete 
|   8|0x0000000702400000, 0x0000000702600000, 0x0000000702600000|100%|HC|  |TAMS 0x0000000702600000, 0x0000000702400000| Complete 
|   9|0x0000000702600000, 0x0000000702800000, 0x0000000702800000|100%|HC|  |TAMS 0x0000000702800000, 0x0000000702600000| Complete 
|  10|0x0000000702800000, 0x0000000702a00000, 0x0000000702a00000|100%|HC|  |TAMS 0x0000000702a00000, 0x0000000702800000| Complete 
|  11|0x0000000702a00000, 0x0000000702c00000, 0x0000000702c00000|100%|HC|  |TAMS 0x0000000702c00000, 0x0000000702a00000| Complete 
|  12|0x0000000702c00000, 0x0000000702e00000, 0x0000000702e00000|100%|HC|  |TAMS 0x0000000702e00000, 0x0000000702c00000| Complete 
|  13|0x0000000702e00000, 0x0000000703000000, 0x0000000703000000|100%|HC|  |TAMS 0x0000000703000000, 0x0000000702e00000| Complete 
|  14|0x0000000703000000, 0x0000000703200000, 0x0000000703200000|100%|HC|  |TAMS 0x0000000703200000, 0x0000000703000000| Complete 
|  15|0x0000000703200000, 0x0000000703400000, 0x0000000703400000|100%|HC|  |TAMS 0x0000000703400000, 0x0000000703200000| Complete 
|  16|0x0000000703400000, 0x0000000703600000, 0x0000000703600000|100%|HC|  |TAMS 0x0000000703600000, 0x0000000703400000| Complete 
|  17|0x0000000703600000, 0x0000000703800000, 0x0000000703800000|100%|HC|  |TAMS 0x0000000703800000, 0x0000000703600000| Complete 
|  18|0x0000000703800000, 0x0000000703a00000, 0x0000000703a00000|100%|HC|  |TAMS 0x0000000703a00000, 0x0000000703800000| Complete 
|  19|0x0000000703a00000, 0x0000000703c00000, 0x0000000703c00000|100%|HC|  |TAMS 0x0000000703c00000, 0x0000000703a00000| Complete 
|  20|0x0000000703c00000, 0x0000000703e00000, 0x0000000703e00000|100%|HC|  |TAMS 0x0000000703e00000, 0x0000000703c00000| Complete 
|  21|0x0000000703e00000, 0x0000000704000000, 0x0000000704000000|100%|HC|  |TAMS 0x0000000704000000, 0x0000000703e00000| Complete 
|  22|0x0000000704000000, 0x0000000704200000, 0x0000000704200000|100%|HC|  |TAMS 0x0000000704200000, 0x0000000704000000| Complete 
|  23|0x0000000704200000, 0x0000000704400000, 0x0000000704400000|100%|HC|  |TAMS 0x0000000704400000, 0x0000000704200000| Complete 
|  24|0x0000000704400000, 0x0000000704600000, 0x0000000704600000|100%|HC|  |TAMS 0x0000000704600000, 0x0000000704400000| Complete 
|  25|0x0000000704600000, 0x0000000704800000, 0x0000000704800000|100%|HC|  |TAMS 0x0000000704800000, 0x0000000704600000| Complete 
|  26|0x0000000704800000, 0x0000000704a00000, 0x0000000704a00000|100%|HC|  |TAMS 0x0000000704a00000, 0x0000000704800000| Complete 
|  27|0x0000000704a00000, 0x0000000704c00000, 0x0000000704c00000|100%|HC|  |TAMS 0x0000000704c00000, 0x0000000704a00000| Complete 
|  28|0x0000000704c00000, 0x0000000704e00000, 0x0000000704e00000|100%|HC|  |TAMS 0x0000000704e00000, 0x0000000704c00000| Complete 
|  29|0x0000000704e00000, 0x0000000705000000, 0x0000000705000000|100%|HC|  |TAMS 0x0000000705000000, 0x0000000704e00000| Complete 
|  30|0x0000000705000000, 0x0000000705200000, 0x0000000705200000|100%|HS|  |TAMS 0x0000000705000000, 0x0000000705000000| Complete 
|  31|0x0000000705200000, 0x0000000705400000, 0x0000000705400000|100%|HS|  |TAMS 0x0000000705200000, 0x0000000705200000| Complete 
|  32|0x0000000705400000, 0x0000000705600000, 0x0000000705600000|100%|HC|  |TAMS 0x0000000705400000, 0x0000000705400000| Complete 
|  33|0x0000000705600000, 0x0000000705800000, 0x0000000705800000|100%|HC|  |TAMS 0x0000000705600000, 0x0000000705600000| Complete 
|  34|0x0000000705800000, 0x0000000705a00000, 0x0000000705a00000|100%|HC|  |TAMS 0x0000000705800000, 0x0000000705800000| Complete 
|  35|0x0000000705a00000, 0x0000000705c00000, 0x0000000705c00000|100%|HC|  |TAMS 0x0000000705a00000, 0x0000000705a00000| Complete 
|  36|0x0000000705c00000, 0x0000000705e00000, 0x0000000705e00000|100%|HC|  |TAMS 0x0000000705c00000, 0x0000000705c00000| Complete 
|  37|0x0000000705e00000, 0x0000000706000000, 0x0000000706000000|100%|HC|  |TAMS 0x0000000705e00000, 0x0000000705e00000| Complete 
|  38|0x0000000706000000, 0x0000000706200000, 0x0000000706200000|100%|HC|  |TAMS 0x0000000706000000, 0x0000000706000000| Complete 
|  39|0x0000000706200000, 0x0000000706400000, 0x0000000706400000|100%|HC|  |TAMS 0x0000000706200000, 0x0000000706200000| Complete 
|  40|0x0000000706400000, 0x0000000706600000, 0x0000000706600000|100%|HC|  |TAMS 0x0000000706400000, 0x0000000706400000| Complete 
|  41|0x0000000706600000, 0x0000000706800000, 0x0000000706800000|100%|HC|  |TAMS 0x0000000706600000, 0x0000000706600000| Complete 
|  42|0x0000000706800000, 0x0000000706a00000, 0x0000000706a00000|100%|HC|  |TAMS 0x0000000706800000, 0x0000000706800000| Complete 
|  43|0x0000000706a00000, 0x0000000706c00000, 0x0000000706c00000|100%|HC|  |TAMS 0x0000000706a00000, 0x0000000706a00000| Complete 
|  44|0x0000000706c00000, 0x0000000706e00000, 0x0000000706e00000|100%|HC|  |TAMS 0x0000000706c00000, 0x0000000706c00000| Complete 
|  45|0x0000000706e00000, 0x0000000707000000, 0x0000000707000000|100%|HC|  |TAMS 0x0000000706e00000, 0x0000000706e00000| Complete 
|  46|0x0000000707000000, 0x0000000707200000, 0x0000000707200000|100%|HC|  |TAMS 0x0000000707000000, 0x0000000707000000| Complete 
|  47|0x0000000707200000, 0x0000000707400000, 0x0000000707400000|100%|HC|  |TAMS 0x0000000707200000, 0x0000000707200000| Complete 
|  48|0x0000000707400000, 0x0000000707600000, 0x0000000707600000|100%|HC|  |TAMS 0x0000000707400000, 0x0000000707400000| Complete 
|  49|0x0000000707600000, 0x0000000707800000, 0x0000000707800000|100%|HC|  |TAMS 0x0000000707600000, 0x0000000707600000| Complete 
|  50|0x0000000707800000, 0x0000000707a00000, 0x0000000707a00000|100%|HC|  |TAMS 0x0000000707800000, 0x0000000707800000| Complete 
|  51|0x0000000707a00000, 0x0000000707c00000, 0x0000000707c00000|100%|HC|  |TAMS 0x0000000707a00000, 0x0000000707a00000| Complete 
|  52|0x0000000707c00000, 0x0000000707e00000, 0x0000000707e00000|100%|HC|  |TAMS 0x0000000707c00000, 0x0000000707c00000| Complete 
|  53|0x0000000707e00000, 0x0000000708000000, 0x0000000708000000|100%|HC|  |TAMS 0x0000000707e00000, 0x0000000707e00000| Complete 
|  54|0x0000000708000000, 0x0000000708200000, 0x0000000708200000|100%|HC|  |TAMS 0x0000000708000000, 0x0000000708000000| Complete 
|  55|0x0000000708200000, 0x0000000708400000, 0x0000000708400000|100%|HC|  |TAMS 0x0000000708200000, 0x0000000708200000| Complete 
|  56|0x0000000708400000, 0x0000000708600000, 0x0000000708600000|100%| O|  |TAMS 0x0000000708400000, 0x0000000708400000| Untracked 
|  57|0x0000000708600000, 0x0000000708800000, 0x0000000708800000|100%| O|  |TAMS 0x0000000708600000, 0x0000000708600000| Untracked 
|  58|0x0000000708800000, 0x0000000708a00000, 0x0000000708a00000|100%| O|  |TAMS 0x0000000708800000, 0x0000000708800000| Untracked 
|  59|0x0000000708a00000, 0x0000000708c00000, 0x0000000708c00000|100%| O|  |TAMS 0x0000000708a00000, 0x0000000708a00000| Untracked 
|  60|0x0000000708c00000, 0x0000000708e00000, 0x0000000708e00000|100%| O|  |TAMS 0x0000000708c00000, 0x0000000708c00000| Untracked 
|  61|0x0000000708e00000, 0x0000000709000000, 0x0000000709000000|100%| O|  |TAMS 0x0000000708e00000, 0x0000000708e00000| Untracked 
|  62|0x0000000709000000, 0x0000000709120000, 0x0000000709200000| 56%| O|  |TAMS 0x0000000709000000, 0x0000000709000000| Untracked 
|  63|0x0000000709200000, 0x0000000709200000, 0x0000000709400000|  0%| F|  |TAMS 0x0000000709200000, 0x0000000709200000| Untracked 
|  64|0x0000000709400000, 0x0000000709400000, 0x0000000709600000|  0%| F|  |TAMS 0x0000000709400000, 0x0000000709400000| Untracked 
|  65|0x0000000709600000, 0x0000000709600000, 0x0000000709800000|  0%| F|  |TAMS 0x0000000709600000, 0x0000000709600000| Untracked 
|  66|0x0000000709800000, 0x0000000709800000, 0x0000000709a00000|  0%| F|  |TAMS 0x0000000709800000, 0x0000000709800000| Untracked 
|  67|0x0000000709a00000, 0x0000000709a00000, 0x0000000709c00000|  0%| F|  |TAMS 0x0000000709a00000, 0x0000000709a00000| Untracked 
|  68|0x0000000709c00000, 0x0000000709c00000, 0x0000000709e00000|  0%| F|  |TAMS 0x0000000709c00000, 0x0000000709c00000| Untracked 
|  69|0x0000000709e00000, 0x0000000709e00000, 0x000000070a000000|  0%| F|  |TAMS 0x0000000709e00000, 0x0000000709e00000| Untracked 
|  70|0x000000070a000000, 0x000000070a000000, 0x000000070a200000|  0%| F|  |TAMS 0x000000070a000000, 0x000000070a000000| Untracked 
|  71|0x000000070a200000, 0x000000070a200000, 0x000000070a400000|  0%| F|  |TAMS 0x000000070a200000, 0x000000070a200000| Untracked 
|  72|0x000000070a400000, 0x000000070a400000, 0x000000070a600000|  0%| F|  |TAMS 0x000000070a400000, 0x000000070a400000| Untracked 
|  73|0x000000070a600000, 0x000000070a600000, 0x000000070a800000|  0%| F|  |TAMS 0x000000070a600000, 0x000000070a600000| Untracked 
|  74|0x000000070a800000, 0x000000070a800000, 0x000000070aa00000|  0%| F|  |TAMS 0x000000070a800000, 0x000000070a800000| Untracked 
|  75|0x000000070aa00000, 0x000000070aa00000, 0x000000070ac00000|  0%| F|  |TAMS 0x000000070aa00000, 0x000000070aa00000| Untracked 
|  76|0x000000070ac00000, 0x000000070ac00000, 0x000000070ae00000|  0%| F|  |TAMS 0x000000070ac00000, 0x000000070ac00000| Untracked 
|  77|0x000000070ae00000, 0x000000070ae00000, 0x000000070b000000|  0%| F|  |TAMS 0x000000070ae00000, 0x000000070ae00000| Untracked 
|  78|0x000000070b000000, 0x000000070b000000, 0x000000070b200000|  0%| F|  |TAMS 0x000000070b000000, 0x000000070b000000| Untracked 
|  79|0x000000070b200000, 0x000000070b200000, 0x000000070b400000|  0%| F|  |TAMS 0x000000070b200000, 0x000000070b200000| Untracked 
|  80|0x000000070b400000, 0x000000070b400000, 0x000000070b600000|  0%| F|  |TAMS 0x000000070b400000, 0x000000070b400000| Untracked 
|  81|0x000000070b600000, 0x000000070b800000, 0x000000070b800000|100%| O|  |TAMS 0x000000070b600000, 0x000000070b600000| Untracked 
|  82|0x000000070b800000, 0x000000070ba00000, 0x000000070ba00000|100%| O|  |TAMS 0x000000070b800000, 0x000000070b800000| Untracked 
|  83|0x000000070ba00000, 0x000000070ba00000, 0x000000070bc00000|  0%| F|  |TAMS 0x000000070ba00000, 0x000000070ba00000| Untracked 
|  84|0x000000070bc00000, 0x000000070bc00000, 0x000000070be00000|  0%| F|  |TAMS 0x000000070bc00000, 0x000000070bc00000| Untracked 
|  85|0x000000070be00000, 0x000000070be00000, 0x000000070c000000|  0%| F|  |TAMS 0x000000070be00000, 0x000000070be00000| Untracked 
|  86|0x000000070c000000, 0x000000070c000000, 0x000000070c200000|  0%| F|  |TAMS 0x000000070c000000, 0x000000070c000000| Untracked 
|  87|0x000000070c200000, 0x000000070c200000, 0x000000070c400000|  0%| F|  |TAMS 0x000000070c200000, 0x000000070c200000| Untracked 
|  88|0x000000070c400000, 0x000000070c400000, 0x000000070c600000|  0%| F|  |TAMS 0x000000070c400000, 0x000000070c400000| Untracked 
|  89|0x000000070c600000, 0x000000070c600000, 0x000000070c800000|  0%| F|  |TAMS 0x000000070c600000, 0x000000070c600000| Untracked 
|  90|0x000000070c800000, 0x000000070c800000, 0x000000070ca00000|  0%| F|  |TAMS 0x000000070c800000, 0x000000070c800000| Untracked 
|  91|0x000000070ca00000, 0x000000070ca00000, 0x000000070cc00000|  0%| F|  |TAMS 0x000000070ca00000, 0x000000070ca00000| Untracked 
|  92|0x000000070cc00000, 0x000000070cc00000, 0x000000070ce00000|  0%| F|  |TAMS 0x000000070cc00000, 0x000000070cc00000| Untracked 
|  93|0x000000070ce00000, 0x000000070ce00000, 0x000000070d000000|  0%| F|  |TAMS 0x000000070ce00000, 0x000000070ce00000| Untracked 
|  94|0x000000070d000000, 0x000000070d000000, 0x000000070d200000|  0%| F|  |TAMS 0x000000070d000000, 0x000000070d000000| Untracked 
|  95|0x000000070d200000, 0x000000070d200000, 0x000000070d400000|  0%| F|  |TAMS 0x000000070d200000, 0x000000070d200000| Untracked 
|  96|0x000000070d400000, 0x000000070d400000, 0x000000070d600000|  0%| F|  |TAMS 0x000000070d400000, 0x000000070d400000| Untracked 
|  97|0x000000070d600000, 0x000000070d600000, 0x000000070d800000|  0%| F|  |TAMS 0x000000070d600000, 0x000000070d600000| Untracked 
|  98|0x000000070d800000, 0x000000070d800000, 0x000000070da00000|  0%| F|  |TAMS 0x000000070d800000, 0x000000070d800000| Untracked 
|  99|0x000000070da00000, 0x000000070da00000, 0x000000070dc00000|  0%| F|  |TAMS 0x000000070da00000, 0x000000070da00000| Untracked 
| 100|0x000000070dc00000, 0x000000070dc00000, 0x000000070de00000|  0%| F|  |TAMS 0x000000070dc00000, 0x000000070dc00000| Untracked 
| 101|0x000000070de00000, 0x000000070de00000, 0x000000070e000000|  0%| F|  |TAMS 0x000000070de00000, 0x000000070de00000| Untracked 
| 102|0x000000070e000000, 0x000000070e000000, 0x000000070e200000|  0%| F|  |TAMS 0x000000070e000000, 0x000000070e000000| Untracked 
| 103|0x000000070e200000, 0x000000070e200000, 0x000000070e400000|  0%| F|  |TAMS 0x000000070e200000, 0x000000070e200000| Untracked 
| 104|0x000000070e400000, 0x000000070e400000, 0x000000070e600000|  0%| F|  |TAMS 0x000000070e400000, 0x000000070e400000| Untracked 
| 105|0x000000070e600000, 0x000000070e600000, 0x000000070e800000|  0%| F|  |TAMS 0x000000070e600000, 0x000000070e600000| Untracked 
| 106|0x000000070e800000, 0x000000070e800000, 0x000000070ea00000|  0%| F|  |TAMS 0x000000070e800000, 0x000000070e800000| Untracked 
| 107|0x000000070ea00000, 0x000000070ea00000, 0x000000070ec00000|  0%| F|  |TAMS 0x000000070ea00000, 0x000000070ea00000| Untracked 
| 108|0x000000070ec00000, 0x000000070ec00000, 0x000000070ee00000|  0%| F|  |TAMS 0x000000070ec00000, 0x000000070ec00000| Untracked 
| 109|0x000000070ee00000, 0x000000070ee00000, 0x000000070f000000|  0%| F|  |TAMS 0x000000070ee00000, 0x000000070ee00000| Untracked 
| 110|0x000000070f000000, 0x000000070f000000, 0x000000070f200000|  0%| F|  |TAMS 0x000000070f000000, 0x000000070f000000| Untracked 
| 111|0x000000070f200000, 0x000000070f200000, 0x000000070f400000|  0%| F|  |TAMS 0x000000070f200000, 0x000000070f200000| Untracked 
| 112|0x000000070f400000, 0x000000070f400000, 0x000000070f600000|  0%| F|  |TAMS 0x000000070f400000, 0x000000070f400000| Untracked 
| 113|0x000000070f600000, 0x000000070f600000, 0x000000070f800000|  0%| F|  |TAMS 0x000000070f600000, 0x000000070f600000| Untracked 
| 114|0x000000070f800000, 0x000000070f800000, 0x000000070fa00000|  0%| F|  |TAMS 0x000000070f800000, 0x000000070f800000| Untracked 
| 115|0x000000070fa00000, 0x000000070fae5e88, 0x000000070fc00000| 44%| E|  |TAMS 0x000000070fa00000, 0x000000070fa00000| Complete 
| 116|0x000000070fc00000, 0x000000070fe00000, 0x000000070fe00000|100%| E|CS|TAMS 0x000000070fc00000, 0x000000070fc00000| Complete 
| 117|0x000000070fe00000, 0x0000000710000000, 0x0000000710000000|100%| E|CS|TAMS 0x000000070fe00000, 0x000000070fe00000| Complete 
| 118|0x0000000710000000, 0x0000000710200000, 0x0000000710200000|100%| S|CS|TAMS 0x0000000710000000, 0x0000000710000000| Complete 
| 127|0x0000000711200000, 0x0000000711400000, 0x0000000711400000|100%| E|CS|TAMS 0x0000000711200000, 0x0000000711200000| Complete 

Card table byte_map: [0x0000011c758b0000,0x0000011c760b0000] _byte_map_base: 0x0000011c720a6000

Marking Bits (Prev, Next): (CMBitMap*) 0x0000011c5e74c350, (CMBitMap*) 0x0000011c5e74c310
 Prev Bits: [0x0000011c7a860000, 0x0000011c7e810000)
 Next Bits: [0x0000011c768b0000, 0x0000011c7a860000)

Polling page: 0x0000011c5c5e0000

Metaspace:

Usage:
  Non-class:     26.65 MB used.
      Class:      4.22 MB used.
       Both:     30.87 MB used.

Virtual space:
  Non-class space:       64.00 MB reserved,      26.81 MB ( 42%) committed,  1 nodes.
      Class space:        1.00 GB reserved,       4.38 MB ( <1%) committed,  1 nodes.
             Both:        1.06 GB reserved,      31.19 MB (  3%) committed. 

Chunk freelists:
   Non-Class:  4.42 MB
       Class:  11.64 MB
        Both:  16.06 MB

MaxMetaspaceSize: unlimited
CompressedClassSpaceSize: 1.00 GB
Initial GC threshold: 21.00 MB
Current GC threshold: 35.25 MB
CDS: on
MetaspaceReclaimPolicy: balanced
 - commit_granule_bytes: 65536.
 - commit_granule_words: 8192.
 - virtual_space_node_default_size: 8388608.
 - enlarge_chunks_in_place: 1.
 - new_chunks_are_fully_committed: 0.
 - uncommit_free_chunks: 1.
 - use_allocation_guard: 0.
 - handle_deallocations: 1.


Internal statistics:

num_allocs_failed_limit: 3.
num_arena_births: 302.
num_arena_deaths: 0.
num_vsnodes_births: 2.
num_vsnodes_deaths: 0.
num_space_committed: 499.
num_space_uncommitted: 0.
num_chunks_returned_to_freelist: 3.
num_chunks_taken_from_freelist: 1204.
num_chunk_merges: 3.
num_chunk_splits: 830.
num_chunks_enlarged: 632.
num_inconsistent_stats: 0.

CodeHeap 'non-profiled nmethods': size=120000Kb used=2776Kb max_used=2776Kb free=117223Kb
 bounds [0x0000011c6da70000, 0x0000011c6dd30000, 0x0000011c74fa0000]
CodeHeap 'profiled nmethods': size=120000Kb used=12666Kb max_used=12666Kb free=107333Kb
 bounds [0x0000011c65fa0000, 0x0000011c66c00000, 0x0000011c6d4d0000]
CodeHeap 'non-nmethods': size=5760Kb used=1537Kb max_used=1632Kb free=4222Kb
 bounds [0x0000011c6d4d0000, 0x0000011c6d740000, 0x0000011c6da70000]
 total_blobs=6763 nmethods=5842 adapters=832
 compilation: enabled
              stopped_count=0, restarted_count=0
 full_count=0

Compilation events (20 events):
Event: 10.452 Thread 0x0000011c7f057150 nmethod 5833 0x0000011c66bfc110 code [0x0000011c66bfc2e0, 0x0000011c66bfc6f8]
Event: 10.454 Thread 0x0000011c7f057150 5834       3       com.sun.javafx.collections.VetoableListDecorator::iterator (27 bytes)
Event: 10.454 Thread 0x0000011c7f057150 nmethod 5834 0x0000011c66bfc910 code [0x0000011c66bfcae0, 0x0000011c66bfcef8]
Event: 10.454 Thread 0x0000011c7f057150 5835       3       com.sun.javafx.collections.VetoableListDecorator$ModCountAccessorImpl::<init> (10 bytes)
Event: 10.454 Thread 0x0000011c7f057150 nmethod 5835 0x0000011c66bfd090 code [0x0000011c66bfd220, 0x0000011c66bfd3f8]
Event: 10.454 Thread 0x0000011c7f057150 5836       3       com.sun.javafx.collections.VetoableListDecorator$VetoableIteratorDecorator::<init> (36 bytes)
Event: 10.454 Thread 0x0000011c7f057150 nmethod 5836 0x0000011c66bfd510 code [0x0000011c66bfd6c0, 0x0000011c66bfda18]
Event: 10.484 Thread 0x0000011c7f057150 5837       3       com.sun.javafx.util.Logging::getInputLogger (18 bytes)
Event: 10.484 Thread 0x0000011c7f057150 nmethod 5837 0x0000011c66bfdb90 code [0x0000011c66bfdd40, 0x0000011c66bfdf28]
Event: 10.487 Thread 0x0000011c7f055f00 5838   !   4       java.util.AbstractList$Itr::next (46 bytes)
Event: 10.488 Thread 0x0000011c7f055f00 nmethod 5838 0x0000011c6dd24590 code [0x0000011c6dd24720, 0x0000011c6dd24868]
Event: 10.510 Thread 0x0000011c7f055f00 5839       4       com.sun.javafx.scene.EnteredExitedHandler::dispatchCapturingEvent (222 bytes)
Event: 10.517 Thread 0x0000011c7f055f00 nmethod 5839 0x0000011c6dd24a10 code [0x0000011c6dd24c00, 0x0000011c6dd256f8]
Event: 10.598 Thread 0x0000011c7f055f00 5840       4       com.sun.javafx.event.CompositeEventHandler::find (44 bytes)
Event: 10.599 Thread 0x0000011c7f055f00 nmethod 5840 0x0000011c6dd25c90 code [0x0000011c6dd25e20, 0x0000011c6dd25f58]
Event: 11.510 Thread 0x0000011c7f057150 5841       3       java.util.concurrent.ConcurrentHashMap$BaseIterator::<init> (21 bytes)
Event: 11.510 Thread 0x0000011c7f057150 nmethod 5841 0x0000011c66bfe010 code [0x0000011c66bfe1c0, 0x0000011c66bfe3b8]
Event: 11.510 Thread 0x0000011c7f057150 5842       3       java.util.concurrent.ConcurrentHashMap$Traverser::<init> (36 bytes)
Event: 11.510 Thread 0x0000011c7f057150 nmethod 5842 0x0000011c66bfe490 code [0x0000011c66bfe620, 0x0000011c66bfe838]
Event: 13.102 Thread 0x0000011c7f055f00 5843       4       java.io.WinNTFileSystem::normalize (143 bytes)

GC Heap History (10 events):
Event: 0.453 GC heap before
{Heap before GC invocations=0 (full 0):
 garbage-first heap   total 262144K, used 18432K [0x0000000701400000, 0x0000000800000000)
  region size 2048K, 10 young (20480K), 0 survivors (0K)
 Metaspace       used 3077K, committed 3264K, reserved 1114112K
  class space    used 327K, committed 448K, reserved 1048576K
}
Event: 0.455 GC heap after
{Heap after GC invocations=1 (full 0):
 garbage-first heap   total 262144K, used 5546K [0x0000000701400000, 0x0000000800000000)
  region size 2048K, 2 young (4096K), 2 survivors (4096K)
 Metaspace       used 3077K, committed 3264K, reserved 1114112K
  class space    used 327K, committed 448K, reserved 1048576K
}
Event: 0.933 GC heap before
{Heap before GC invocations=1 (full 0):
 garbage-first heap   total 262144K, used 30122K [0x0000000701400000, 0x0000000800000000)
  region size 2048K, 15 young (30720K), 2 survivors (4096K)
 Metaspace       used 8310K, committed 8512K, reserved 1114112K
  class space    used 1039K, committed 1152K, reserved 1048576K
}
Event: 0.936 GC heap after
{Heap after GC invocations=2 (full 0):
 garbage-first heap   total 262144K, used 9059K [0x0000000701400000, 0x0000000800000000)
  region size 2048K, 2 young (4096K), 2 survivors (4096K)
 Metaspace       used 8310K, committed 8512K, reserved 1114112K
  class space    used 1039K, committed 1152K, reserved 1048576K
}
Event: 2.787 GC heap before
{Heap before GC invocations=2 (full 0):
 garbage-first heap   total 262144K, used 158563K [0x0000000701400000, 0x0000000800000000)
  region size 2048K, 24 young (49152K), 2 survivors (4096K)
 Metaspace       used 21246K, committed 21504K, reserved 1114112K
  class space    used 2809K, committed 2944K, reserved 1048576K
}
Event: 2.791 GC heap after
{Heap after GC invocations=3 (full 0):
 garbage-first heap   total 262144K, used 70858K [0x0000000701400000, 0x0000000800000000)
  region size 2048K, 5 young (10240K), 5 survivors (10240K)
 Metaspace       used 21246K, committed 21504K, reserved 1114112K
  class space    used 2809K, committed 2944K, reserved 1048576K
}
Event: 7.914 GC heap before
{Heap before GC invocations=4 (full 0):
 garbage-first heap   total 245760K, used 222410K [0x0000000701400000, 0x0000000800000000)
  region size 2048K, 29 young (59392K), 5 survivors (10240K)
 Metaspace       used 30876K, committed 31168K, reserved 1114112K
  class space    used 4245K, committed 4416K, reserved 1048576K
}
Event: 7.921 GC heap after
{Heap after GC invocations=5 (full 0):
 garbage-first heap   total 245760K, used 130930K [0x0000000701400000, 0x0000000800000000)
  region size 2048K, 7 young (14336K), 7 survivors (14336K)
 Metaspace       used 30876K, committed 31168K, reserved 1114112K
  class space    used 4245K, committed 4416K, reserved 1048576K
}
Event: 7.949 GC heap before
{Heap before GC invocations=5 (full 0):
 garbage-first heap   total 245760K, used 132978K [0x0000000701400000, 0x0000000800000000)
  region size 2048K, 8 young (16384K), 7 survivors (14336K)
 Metaspace       used 30948K, committed 31232K, reserved 1114112K
  class space    used 4250K, committed 4416K, reserved 1048576K
}
Event: 7.954 GC heap after
{Heap after GC invocations=6 (full 0):
 garbage-first heap   total 245760K, used 132224K [0x0000000701400000, 0x0000000800000000)
  region size 2048K, 1 young (2048K), 1 survivors (2048K)
 Metaspace       used 30948K, committed 31232K, reserved 1114112K
  class space    used 4250K, committed 4416K, reserved 1048576K
}

Deoptimization events (20 events):
Event: 9.362 Thread 0x0000011c7fbf0b40 Uncommon trap: trap_request=0xffffffc6 fr.pc=0x0000011c6dbd8020 relative=0x0000000000000480
Event: 9.362 Thread 0x0000011c7fbf0b40 Uncommon trap: reason=bimorphic_or_optimized_type_check action=maybe_recompile pc=0x0000011c6dbd8020 method=java.io.DataInputStream.readByte()B @ 4 c2
Event: 9.362 Thread 0x0000011c7fbf0b40 DEOPT PACKING pc=0x0000011c6dbd8020 sp=0x0000000e2c5fae40
Event: 9.362 Thread 0x0000011c7fbf0b40 DEOPT UNPACKING pc=0x0000011c6d5223a3 sp=0x0000000e2c5fadf8 mode 2
Event: 9.362 Thread 0x0000011c7fbf0b40 Uncommon trap: trap_request=0xffffffc6 fr.pc=0x0000011c6dbd8020 relative=0x0000000000000480
Event: 9.362 Thread 0x0000011c7fbf0b40 Uncommon trap: reason=bimorphic_or_optimized_type_check action=maybe_recompile pc=0x0000011c6dbd8020 method=java.io.DataInputStream.readByte()B @ 4 c2
Event: 9.362 Thread 0x0000011c7fbf0b40 DEOPT PACKING pc=0x0000011c6dbd8020 sp=0x0000000e2c5fae40
Event: 9.362 Thread 0x0000011c7fbf0b40 DEOPT UNPACKING pc=0x0000011c6d5223a3 sp=0x0000000e2c5fadf8 mode 2
Event: 9.362 Thread 0x0000011c7fbf0b40 DEOPT PACKING pc=0x0000011c6623287a sp=0x0000000e2c5fae70
Event: 9.362 Thread 0x0000011c7fbf0b40 DEOPT UNPACKING pc=0x0000011c6d522b43 sp=0x0000000e2c5fa300 mode 0
Event: 9.362 Thread 0x0000011c7fbf0b40 Uncommon trap: trap_request=0xffffff45 fr.pc=0x0000011c6dafdd5c relative=0x000000000000073c
Event: 9.362 Thread 0x0000011c7fbf0b40 Uncommon trap: reason=unstable_if action=reinterpret pc=0x0000011c6dafdd5c method=com.sun.javafx.image.impl.ByteBgra$ToByteBgraPreConv.doConvert([BII[BIIII)V @ 31 c2
Event: 9.362 Thread 0x0000011c7fbf0b40 DEOPT PACKING pc=0x0000011c6dafdd5c sp=0x0000000e2c5fae40
Event: 9.362 Thread 0x0000011c7fbf0b40 DEOPT UNPACKING pc=0x0000011c6d5223a3 sp=0x0000000e2c5fae00 mode 2
Event: 9.362 Thread 0x0000011c7fbf0b40 DEOPT PACKING pc=0x0000011c66233b1a sp=0x0000000e2c5fae70
Event: 9.362 Thread 0x0000011c7fbf0b40 DEOPT UNPACKING pc=0x0000011c6d522b43 sp=0x0000000e2c5fa300 mode 0
Event: 9.362 Thread 0x0000011c7fbf0b40 Uncommon trap: trap_request=0xffffff45 fr.pc=0x0000011c6db0405c relative=0x0000000000000cbc
Event: 9.362 Thread 0x0000011c7fbf0b40 Uncommon trap: reason=unstable_if action=reinterpret pc=0x0000011c6db0405c method=com.sun.javafx.image.impl.BaseByteToByteConverter$FourByteReorderer.doConvert([BII[BIIII)V @ 31 c2
Event: 9.362 Thread 0x0000011c7fbf0b40 DEOPT PACKING pc=0x0000011c6db0405c sp=0x0000000e2c5fae30
Event: 9.362 Thread 0x0000011c7fbf0b40 DEOPT UNPACKING pc=0x0000011c6d5223a3 sp=0x0000000e2c5fae00 mode 2

Classes unloaded (0 events):
No events

Classes redefined (0 events):
No events

Internal exceptions (20 events):
Event: 2.724 Thread 0x0000011c7fbf0b40 Exception <a 'java/lang/NoSuchMethodError'{0x000000070e636c88}: 'java.lang.Object java.lang.invoke.DirectMethodHandle$Holder.newInvokeSpecial(java.lang.Object, java.lang.Object, long)'> (0x000000070e636c88) 
thrown [s\open\src\hotspot\share\interpreter\linkResolver.cpp, line 759]
Event: 2.724 Thread 0x0000011c7fbf0b40 Exception <a 'java/lang/NoSuchMethodError'{0x000000070e63a7f8}: 'java.lang.Object java.lang.invoke.Invokers$Holder.linkToTargetMethod(java.lang.Object, long, java.lang.Object)'> (0x000000070e63a7f8) 
thrown [s\open\src\hotspot\share\interpreter\linkResolver.cpp, line 759]
Event: 2.812 Thread 0x0000011c7fbf0b40 Exception <a 'java/io/FileNotFoundException'{0x00000007113f0668}> (0x00000007113f0668) 
thrown [s\open\src\hotspot\share\prims\jni.cpp, line 516]
Event: 2.817 Thread 0x0000011c48104ca0 Exception <a 'sun/nio/fs/WindowsException'{0x0000000710068430}> (0x0000000710068430) 
thrown [s\open\src\hotspot\share\prims\jni.cpp, line 516]
Event: 2.818 Thread 0x0000011c48104ca0 Exception <a 'sun/nio/fs/WindowsException'{0x0000000710069ab0}> (0x0000000710069ab0) 
thrown [s\open\src\hotspot\share\prims\jni.cpp, line 516]
Event: 2.824 Thread 0x0000011c48104ca0 Exception <a 'sun/nio/fs/WindowsException'{0x0000000710148320}> (0x0000000710148320) 
thrown [s\open\src\hotspot\share\prims\jni.cpp, line 516]
Event: 2.840 Thread 0x0000011c48104ca0 Exception <a 'sun/nio/fs/WindowsException'{0x000000070fe84f78}> (0x000000070fe84f78) 
thrown [s\open\src\hotspot\share\prims\jni.cpp, line 516]
Event: 2.841 Thread 0x0000011c48104ca0 Exception <a 'sun/nio/fs/WindowsException'{0x000000070fe87ae0}> (0x000000070fe87ae0) 
thrown [s\open\src\hotspot\share\prims\jni.cpp, line 516]
Event: 2.845 Thread 0x0000011c48104ca0 Exception <a 'sun/nio/fs/WindowsException'{0x000000070fee2c28}> (0x000000070fee2c28) 
thrown [s\open\src\hotspot\share\prims\jni.cpp, line 516]
Event: 2.846 Thread 0x0000011c48104ca0 Exception <a 'sun/nio/fs/WindowsException'{0x000000070fee6c98}> (0x000000070fee6c98) 
thrown [s\open\src\hotspot\share\prims\jni.cpp, line 516]
Event: 2.936 Thread 0x0000011c7fbf0b40 Exception <a 'java/lang/ClassNotFoundException'{0x000000070f894628}: com/sun/javafx/scene/control/skin/resources/controls> (0x000000070f894628) 
thrown [s\open\src\hotspot\share\prims\jni.cpp, line 535]
Event: 2.936 Thread 0x0000011c7fbf0b40 Exception <a 'java/lang/ClassNotFoundException'{0x000000070f8a2a40}: com/sun/javafx/scene/control/skin/resources/controls_fr> (0x000000070f8a2a40) 
thrown [s\open\src\hotspot\share\prims\jni.cpp, line 535]
Event: 2.937 Thread 0x0000011c7fbf0b40 Exception <a 'java/lang/ClassNotFoundException'{0x000000070f8b0760}: com/sun/javafx/scene/control/skin/resources/controls_fr_CA> (0x000000070f8b0760) 
thrown [s\open\src\hotspot\share\prims\jni.cpp, line 535]
Event: 4.930 Thread 0x0000011c7fbf0b40 Exception <a 'java/lang/ClassNotFoundException'{0x000000070d653830}: com/sun/javafx/scene/control/skin/resources/controls-nt> (0x000000070d653830) 
thrown [s\open\src\hotspot\share\prims\jni.cpp, line 535]
Event: 4.931 Thread 0x0000011c7fbf0b40 Exception <a 'java/lang/ClassNotFoundException'{0x000000070d65c0e0}: com/sun/javafx/scene/control/skin/resources/controls-nt_fr> (0x000000070d65c0e0) 
thrown [s\open\src\hotspot\share\prims\jni.cpp, line 535]
Event: 4.931 Thread 0x0000011c7fbf0b40 Exception <a 'java/lang/ClassNotFoundException'{0x000000070d65db08}: com/sun/javafx/scene/control/skin/resources/controls-nt_fr_CA> (0x000000070d65db08) 
thrown [s\open\src\hotspot\share\prims\jni.cpp, line 535]
Event: 4.937 Thread 0x0000011c7fbf0b40 Exception <a 'java/io/FileNotFoundException'{0x000000070d6bc2b8}> (0x000000070d6bc2b8) 
thrown [s\open\src\hotspot\share\prims\jni.cpp, line 516]
Event: 5.180 Thread 0x0000011c7fbf0b40 Exception <a 'java/lang/NoSuchMethodError'{0x000000070d231770}: 'int java.lang.invoke.DirectMethodHandle$Holder.invokeSpecial(java.lang.Object, java.lang.Object, int)'> (0x000000070d231770) 
thrown [s\open\src\hotspot\share\interpreter\linkResolver.cpp, line 759]
Event: 7.889 Thread 0x0000011c7fbf0b40 Exception <a 'sun/nio/fs/WindowsException'{0x000000070ca12690}> (0x000000070ca12690) 
thrown [s\open\src\hotspot\share\prims\jni.cpp, line 516]
Event: 7.890 Thread 0x0000011c7fbf0b40 Exception <a 'java/lang/NoSuchMethodError'{0x000000070ca1c130}: 'java.lang.Object java.lang.invoke.DirectMethodHandle$Holder.invokeStatic(java.lang.Object, int, java.lang.Object)'> (0x000000070ca1c130) 
thrown [s\open\src\hotspot\share\interpreter\linkResolver.cpp, line 759]

VM Operations (20 events):
Event: 5.219 Executing VM operation: HandshakeAllThreads done
Event: 5.229 Executing VM operation: ICBufferFull
Event: 5.229 Executing VM operation: ICBufferFull done
Event: 5.973 Executing VM operation: ICBufferFull
Event: 5.974 Executing VM operation: ICBufferFull done
Event: 6.974 Executing VM operation: Cleanup
Event: 6.974 Executing VM operation: Cleanup done
Event: 7.913 Executing VM operation: G1CollectForAllocation
Event: 7.921 Executing VM operation: G1CollectForAllocation done
Event: 7.949 Executing VM operation: G1CollectForAllocation
Event: 7.954 Executing VM operation: G1CollectForAllocation done
Event: 8.954 Executing VM operation: Cleanup
Event: 8.954 Executing VM operation: Cleanup done
Event: 9.361 Executing VM operation: HandshakeAllThreads
Event: 9.361 Executing VM operation: HandshakeAllThreads done
Event: 10.361 Executing VM operation: Cleanup
Event: 10.361 Executing VM operation: Cleanup done
Event: 11.361 Executing VM operation: Cleanup
Event: 11.361 Executing VM operation: Cleanup done
Event: 13.103 Executing VM operation: Exit

Events (20 events):
Event: 11.510 loading class sun/security/ssl/Alert
Event: 11.510 loading class sun/security/ssl/Alert done
Event: 11.510 loading class sun/security/ssl/Alert$AlertConsumer
Event: 11.510 loading class sun/security/ssl/Alert$AlertConsumer done
Event: 11.510 loading class sun/security/ssl/Alert$Level
Event: 11.510 loading class sun/security/ssl/Alert$Level done
Event: 11.512 loading class java/net/SocketTimeoutException
Event: 11.512 loading class java/io/InterruptedIOException
Event: 11.512 loading class java/io/InterruptedIOException done
Event: 11.512 loading class java/net/SocketTimeoutException done
Event: 11.514 Thread 0x0000011c48104790 Thread exited: 0x0000011c48104790
Event: 13.099 loading class jdk/internal/misc/Signal$1
Event: 13.099 loading class jdk/internal/misc/Signal$1 done
Event: 13.099 Thread 0x0000011c486b9420 Thread added: 0x0000011c486b9420
Event: 13.100 Thread 0x0000011c486b8f10 Thread added: 0x0000011c486b8f10
Event: 13.100 Thread 0x0000011c486b29d0 Thread added: 0x0000011c486b29d0
Event: 13.100 Thread 0x0000011c486b8a00 Thread added: 0x0000011c486b8a00
Event: 13.100 Thread 0x0000011c486b29d0 Thread exited: 0x0000011c486b29d0
Event: 13.101 Thread 0x0000011c486b8a00 Thread exited: 0x0000011c486b8a00
Event: 13.103 Thread 0x0000011c486b8f10 Thread exited: 0x0000011c486b8f10


Dynamic libraries:
0x00007ff6fdeb0000 - 0x00007ff6fdec0000 	C:\Program Files\Java\jdk-17\bin\java.exe
0x00007ffe043b0000 - 0x00007ffe045a8000 	C:\Windows\SYSTEM32\ntdll.dll
0x00007ffe03fe0000 - 0x00007ffe040a2000 	C:\Windows\System32\KERNEL32.DLL
0x00007ffe01be0000 - 0x00007ffe01ede000 	C:\Windows\System32\KERNELBASE.dll
0x00007ffe01f40000 - 0x00007ffe02040000 	C:\Windows\System32\ucrtbase.dll
0x00007ffdf6a20000 - 0x00007ffdf6a3b000 	C:\Program Files\Java\jdk-17\bin\VCRUNTIME140.dll
0x00007ffdfd4c0000 - 0x00007ffdfd4d9000 	C:\Program Files\Java\jdk-17\bin\jli.dll
0x00007ffe033f0000 - 0x00007ffe034a2000 	C:\Windows\System32\ADVAPI32.dll
0x00007ffe03b10000 - 0x00007ffe03bae000 	C:\Windows\System32\msvcrt.dll
0x00007ffe036c0000 - 0x00007ffe03760000 	C:\Windows\System32\sechost.dll
0x00007ffe023d0000 - 0x00007ffe024f3000 	C:\Windows\System32\RPCRT4.dll
0x00007ffe01f10000 - 0x00007ffe01f37000 	C:\Windows\System32\bcrypt.dll
0x00007ffe041d0000 - 0x00007ffe0436d000 	C:\Windows\System32\USER32.dll
0x00007ffe01ee0000 - 0x00007ffe01f02000 	C:\Windows\System32\win32u.dll
0x00007ffe034b0000 - 0x00007ffe034db000 	C:\Windows\System32\GDI32.dll
0x00007ffde6720000 - 0x00007ffde69ba000 	C:\Windows\WinSxS\amd64_microsoft.windows.common-controls_6595b64144ccf1df_6.0.19041.4355_none_60b8b9eb71f62e16\COMCTL32.dll
0x00007ffe01a50000 - 0x00007ffe01b67000 	C:\Windows\System32\gdi32full.dll
0x00007ffe02330000 - 0x00007ffe023cd000 	C:\Windows\System32\msvcp_win.dll
0x00007ffdfc990000 - 0x00007ffdfc99a000 	C:\Windows\SYSTEM32\VERSION.dll
0x00007ffe032c0000 - 0x00007ffe032ef000 	C:\Windows\System32\IMM32.DLL
0x00007ffdff920000 - 0x00007ffdff92c000 	C:\Program Files\Java\jdk-17\bin\vcruntime140_1.dll
0x00007ffdf4150000 - 0x00007ffdf41de000 	C:\Program Files\Java\jdk-17\bin\msvcp140.dll
0x00007ffda8310000 - 0x00007ffda8ef0000 	C:\Program Files\Java\jdk-17\bin\server\jvm.dll
0x00007ffe02500000 - 0x00007ffe02508000 	C:\Windows\System32\PSAPI.DLL
0x00007ffdf96f0000 - 0x00007ffdf9717000 	C:\Windows\SYSTEM32\WINMM.dll
0x00007ffdea970000 - 0x00007ffdea979000 	C:\Windows\SYSTEM32\WSOCK32.dll
0x00007ffe03bb0000 - 0x00007ffe03c1b000 	C:\Windows\System32\WS2_32.dll
0x00007ffe00280000 - 0x00007ffe00292000 	C:\Windows\SYSTEM32\kernel.appcore.dll
0x00007ffdfd440000 - 0x00007ffdfd44a000 	C:\Program Files\Java\jdk-17\bin\jimage.dll
0x00007ffdff2a0000 - 0x00007ffdff484000 	C:\Windows\SYSTEM32\DBGHELP.DLL
0x00007ffde8870000 - 0x00007ffde88a4000 	C:\Windows\SYSTEM32\dbgcore.DLL
0x00007ffe02090000 - 0x00007ffe02112000 	C:\Windows\System32\bcryptPrimitives.dll
0x00007ffdfe0d0000 - 0x00007ffdfe0de000 	C:\Program Files\Java\jdk-17\bin\instrument.dll
0x00007ffdf4120000 - 0x00007ffdf4145000 	C:\Program Files\Java\jdk-17\bin\java.dll
0x00007ffdbb150000 - 0x00007ffdbb227000 	C:\Program Files\Java\jdk-17\bin\jsvml.dll
0x00007ffe02ad0000 - 0x00007ffe0323f000 	C:\Windows\System32\SHELL32.dll
0x00007ffdffad0000 - 0x00007ffe00274000 	C:\Windows\SYSTEM32\windows.storage.dll
0x00007ffe03c80000 - 0x00007ffe03fd3000 	C:\Windows\System32\combase.dll
0x00007ffe01480000 - 0x00007ffe014ae000 	C:\Windows\SYSTEM32\Wldp.dll
0x00007ffe03540000 - 0x00007ffe0360d000 	C:\Windows\System32\OLEAUT32.dll
0x00007ffe03610000 - 0x00007ffe036bd000 	C:\Windows\System32\SHCORE.dll
0x00007ffe034e0000 - 0x00007ffe03535000 	C:\Windows\System32\shlwapi.dll
0x00007ffe01980000 - 0x00007ffe019a4000 	C:\Windows\SYSTEM32\profapi.dll
0x00007ffdf69a0000 - 0x00007ffdf69b9000 	C:\Program Files\Java\jdk-17\bin\net.dll
0x00007ffdfc550000 - 0x00007ffdfc65d000 	C:\Windows\SYSTEM32\WINHTTP.dll
0x00007ffe011e0000 - 0x00007ffe0124a000 	C:\Windows\system32\mswsock.dll
0x00007ffdf21d0000 - 0x00007ffdf21e6000 	C:\Program Files\Java\jdk-17\bin\nio.dll
0x00007ffdedc70000 - 0x00007ffdedc88000 	C:\Program Files\Java\jdk-17\bin\zip.dll
0x00007ffde66b0000 - 0x00007ffde66ca000 	C:\Program Files\JetBrains\IntelliJ IDEA 2024.2.1\bin\breakgen64.dll
0x0000011c5e690000 - 0x0000011c5e693000 	C:\Users\Flori\.openjfx\cache\22+30\amd64\api-ms-win-core-console-l1-1-0.dll
0x0000011c5e6a0000 - 0x0000011c5e6a3000 	C:\Users\Flori\.openjfx\cache\22+30\amd64\api-ms-win-core-console-l1-2-0.dll
0x0000011c7fda0000 - 0x0000011c7fda3000 	C:\Users\Flori\.openjfx\cache\22+30\amd64\api-ms-win-core-datetime-l1-1-0.dll
0x0000011c7fdb0000 - 0x0000011c7fdb3000 	C:\Users\Flori\.openjfx\cache\22+30\amd64\api-ms-win-core-debug-l1-1-0.dll
0x0000011c7fdc0000 - 0x0000011c7fdc3000 	C:\Users\Flori\.openjfx\cache\22+30\amd64\api-ms-win-core-errorhandling-l1-1-0.dll
0x0000011c7fdd0000 - 0x0000011c7fdd4000 	C:\Users\Flori\.openjfx\cache\22+30\amd64\api-ms-win-core-file-l1-1-0.dll
0x0000011c7fde0000 - 0x0000011c7fde3000 	C:\Users\Flori\.openjfx\cache\22+30\amd64\api-ms-win-core-file-l1-2-0.dll
0x0000011c7fdf0000 - 0x0000011c7fdf3000 	C:\Users\Flori\.openjfx\cache\22+30\amd64\api-ms-win-core-file-l2-1-0.dll
0x0000011c7fe00000 - 0x0000011c7fe03000 	C:\Users\Flori\.openjfx\cache\22+30\amd64\api-ms-win-core-handle-l1-1-0.dll
0x0000011c7fe10000 - 0x0000011c7fe13000 	C:\Users\Flori\.openjfx\cache\22+30\amd64\api-ms-win-core-heap-l1-1-0.dll
0x0000011c7fe20000 - 0x0000011c7fe23000 	C:\Users\Flori\.openjfx\cache\22+30\amd64\api-ms-win-core-interlocked-l1-1-0.dll
0x0000011c7fe30000 - 0x0000011c7fe33000 	C:\Users\Flori\.openjfx\cache\22+30\amd64\api-ms-win-core-libraryloader-l1-1-0.dll
0x0000011c7fe40000 - 0x0000011c7fe43000 	C:\Users\Flori\.openjfx\cache\22+30\amd64\api-ms-win-core-localization-l1-2-0.dll
0x0000011c7fe50000 - 0x0000011c7fe53000 	C:\Users\Flori\.openjfx\cache\22+30\amd64\api-ms-win-core-memory-l1-1-0.dll
0x0000011c7fe60000 - 0x0000011c7fe63000 	C:\Users\Flori\.openjfx\cache\22+30\amd64\api-ms-win-core-namedpipe-l1-1-0.dll
0x0000011c7fe70000 - 0x0000011c7fe73000 	C:\Users\Flori\.openjfx\cache\22+30\amd64\api-ms-win-core-processenvironment-l1-1-0.dll
0x0000011c7fe80000 - 0x0000011c7fe83000 	C:\Users\Flori\.openjfx\cache\22+30\amd64\api-ms-win-core-processthreads-l1-1-0.dll
0x0000011c7fe90000 - 0x0000011c7fe93000 	C:\Users\Flori\.openjfx\cache\22+30\amd64\api-ms-win-core-processthreads-l1-1-1.dll
0x0000011c7fea0000 - 0x0000011c7fea3000 	C:\Users\Flori\.openjfx\cache\22+30\amd64\api-ms-win-core-profile-l1-1-0.dll
0x0000011c7feb0000 - 0x0000011c7feb3000 	C:\Users\Flori\.openjfx\cache\22+30\amd64\api-ms-win-core-rtlsupport-l1-1-0.dll
0x0000011c7fec0000 - 0x0000011c7fec3000 	C:\Users\Flori\.openjfx\cache\22+30\amd64\api-ms-win-core-string-l1-1-0.dll
0x0000011c7fed0000 - 0x0000011c7fed3000 	C:\Users\Flori\.openjfx\cache\22+30\amd64\api-ms-win-core-synch-l1-1-0.dll
0x0000011c7fee0000 - 0x0000011c7fee3000 	C:\Users\Flori\.openjfx\cache\22+30\amd64\api-ms-win-core-synch-l1-2-0.dll
0x0000011c7fef0000 - 0x0000011c7fef3000 	C:\Users\Flori\.openjfx\cache\22+30\amd64\api-ms-win-core-sysinfo-l1-1-0.dll
0x0000011c7ff00000 - 0x0000011c7ff03000 	C:\Users\Flori\.openjfx\cache\22+30\amd64\api-ms-win-core-timezone-l1-1-0.dll
0x0000011c7ff10000 - 0x0000011c7ff13000 	C:\Users\Flori\.openjfx\cache\22+30\amd64\api-ms-win-core-util-l1-1-0.dll
0x0000011c7ff20000 - 0x0000011c7ff23000 	C:\Users\Flori\.openjfx\cache\22+30\amd64\api-ms-win-crt-conio-l1-1-0.dll
0x0000011c7ff30000 - 0x0000011c7ff34000 	C:\Users\Flori\.openjfx\cache\22+30\amd64\api-ms-win-crt-convert-l1-1-0.dll
0x0000011c7ff40000 - 0x0000011c7ff43000 	C:\Users\Flori\.openjfx\cache\22+30\amd64\api-ms-win-crt-environment-l1-1-0.dll
0x0000011c7ff50000 - 0x0000011c7ff53000 	C:\Users\Flori\.openjfx\cache\22+30\amd64\api-ms-win-crt-filesystem-l1-1-0.dll
0x0000011c7ff60000 - 0x0000011c7ff63000 	C:\Users\Flori\.openjfx\cache\22+30\amd64\api-ms-win-crt-heap-l1-1-0.dll
0x0000011c7ff70000 - 0x0000011c7ff73000 	C:\Users\Flori\.openjfx\cache\22+30\amd64\api-ms-win-crt-locale-l1-1-0.dll
0x0000011c7ff80000 - 0x0000011c7ff85000 	C:\Users\Flori\.openjfx\cache\22+30\amd64\api-ms-win-crt-math-l1-1-0.dll
0x0000011c7ff90000 - 0x0000011c7ff95000 	C:\Users\Flori\.openjfx\cache\22+30\amd64\api-ms-win-crt-multibyte-l1-1-0.dll
0x0000011c7ffa0000 - 0x0000011c7ffb0000 	C:\Users\Flori\.openjfx\cache\22+30\amd64\api-ms-win-crt-private-l1-1-0.dll
0x0000011c7ffb0000 - 0x0000011c7ffb3000 	C:\Users\Flori\.openjfx\cache\22+30\amd64\api-ms-win-crt-process-l1-1-0.dll
0x0000011c7ffc0000 - 0x0000011c7ffc4000 	C:\Users\Flori\.openjfx\cache\22+30\amd64\api-ms-win-crt-runtime-l1-1-0.dll
0x0000011c7ffd0000 - 0x0000011c7ffd4000 	C:\Users\Flori\.openjfx\cache\22+30\amd64\api-ms-win-crt-stdio-l1-1-0.dll
0x0000011c7ffe0000 - 0x0000011c7ffe4000 	C:\Users\Flori\.openjfx\cache\22+30\amd64\api-ms-win-crt-string-l1-1-0.dll
0x0000011c7fff0000 - 0x0000011c7fff3000 	C:\Users\Flori\.openjfx\cache\22+30\amd64\api-ms-win-crt-time-l1-1-0.dll
0x0000011c47000000 - 0x0000011c47003000 	C:\Users\Flori\.openjfx\cache\22+30\amd64\api-ms-win-crt-utility-l1-1-0.dll
0x00007ffdb8920000 - 0x00007ffdb8a1c000 	C:\Users\Flori\.openjfx\cache\22+30\amd64\ucrtbase.dll
0x00007ffde6630000 - 0x00007ffde664b000 	C:\Users\Flori\.openjfx\cache\22+30\amd64\vcruntime140.dll
0x00007ffdebfd0000 - 0x00007ffdebfdc000 	C:\Users\Flori\.openjfx\cache\22+30\amd64\vcruntime140_1.dll
0x00007ffdbf9e0000 - 0x00007ffdbfa6e000 	C:\Users\Flori\.openjfx\cache\22+30\amd64\msvcp140.dll
0x00007ffdebef0000 - 0x00007ffdebef9000 	C:\Users\Flori\.openjfx\cache\22+30\amd64\msvcp140_1.dll
0x00007ffdc5f60000 - 0x00007ffdc5fa1000 	C:\Users\Flori\.openjfx\cache\22+30\amd64\msvcp140_2.dll
0x00007ffde6600000 - 0x00007ffde6630000 	C:\Users\Flori\.openjfx\cache\22+30\amd64\prism_d3d.dll
0x00007ffdd5f10000 - 0x00007ffdd60e1000 	C:\Windows\system32\d3d9.dll
0x00007ffdff270000 - 0x00007ffdff29f000 	C:\Windows\SYSTEM32\dwmapi.dll
0x00007ffdfef20000 - 0x00007ffdfefbe000 	C:\Windows\system32\uxtheme.dll
0x00007ffe01610000 - 0x00007ffe01622000 	C:\Windows\SYSTEM32\msasn1.dll
0x00007ffdfc510000 - 0x00007ffdfc541000 	C:\Windows\SYSTEM32\cryptnet.dll
0x00007ffe02120000 - 0x00007ffe0227c000 	C:\Windows\System32\CRYPT32.dll
0x00007ffe013d0000 - 0x00007ffe013dc000 	C:\Windows\SYSTEM32\cryptbase.dll
0x00007ffdfc3c0000 - 0x00007ffdfc507000 	C:\Windows\SYSTEM32\drvstore.dll
0x00007ffe017e0000 - 0x00007ffe01813000 	C:\Windows\SYSTEM32\devobj.dll
0x00007ffe02040000 - 0x00007ffe0208e000 	C:\Windows\System32\cfgmgr32.dll
0x00007ffe01b70000 - 0x00007ffe01bd9000 	C:\Windows\System32\wintrust.dll
0x00007ffe02640000 - 0x00007ffe0265d000 	C:\Windows\System32\imagehlp.dll
0x00007ffe013e0000 - 0x00007ffe013f8000 	C:\Windows\SYSTEM32\CRYPTSP.dll
0x00007ffe00a90000 - 0x00007ffe00ac4000 	C:\Windows\system32\rsaenh.dll
0x00007ffdc5240000 - 0x00007ffdc5285000 	C:\Users\Flori\.openjfx\cache\22+30\amd64\glass.dll
0x00007ffe03a30000 - 0x00007ffe03b0a000 	C:\Windows\System32\COMDLG32.dll
0x00007ffe02510000 - 0x00007ffe0263b000 	C:\Windows\System32\ole32.dll
0x00007ffe040b0000 - 0x00007ffe041c5000 	C:\Windows\System32\MSCTF.dll
0x00007ffdb64a0000 - 0x00007ffdb6770000 	C:\Windows\system32\nvspcap64.dll
0x00007ffe00ce0000 - 0x00007ffe00d13000 	C:\Windows\SYSTEM32\ntmarta.dll
0x00007ffe002b0000 - 0x00007ffe002d3000 	C:\Windows\SYSTEM32\gpapi.dll
0x00007ffdb6340000 - 0x00007ffdb6495000 	C:\Windows\System32\DriverStore\FileRepository\nv_dispi.inf_amd64_78cd02ab022cd554\nvppex.dll
0x00007ffdf2ab0000 - 0x00007ffdf2aeb000 	C:\Windows\SYSTEM32\dxcore.dll
0x00007ffe03770000 - 0x00007ffe03819000 	C:\Windows\System32\clbcatq.dll
0x00007ffdd3760000 - 0x00007ffdd389f000 	C:\Windows\System32\Windows.UI.dll
0x00007ffdf4cb0000 - 0x00007ffdf4d51000 	C:\Windows\System32\WindowManagementAPI.dll
0x00007ffde3570000 - 0x00007ffde3669000 	C:\Windows\System32\TextInputFramework.dll
0x00007ffdd3600000 - 0x00007ffdd3752000 	C:\Windows\System32\InputHost.dll
0x00007ffdfe2d0000 - 0x00007ffdfe427000 	C:\Windows\SYSTEM32\wintypes.dll
0x00007ffdfc020000 - 0x00007ffdfc223000 	C:\Windows\SYSTEM32\twinapi.appcore.dll
0x00007ffdfdda0000 - 0x00007ffdfde92000 	C:\Windows\System32\CoreMessaging.dll

dbghelp: loaded successfully - version: 4.0.5 - missing functions: none
symbol engine: initialized successfully - sym options: 0x614 - pdb path: .;C:\Program Files\Java\jdk-17\bin;C:\Windows\SYSTEM32;C:\Windows\WinSxS\amd64_microsoft.windows.common-controls_6595b64144ccf1df_6.0.19041.4355_none_60b8b9eb71f62e16;C:\Program Files\Java\jdk-17\bin\server;C:\Program Files\JetBrains\IntelliJ IDEA 2024.2.1\bin;C:\Users\Flori\.openjfx\cache\22+30\amd64;C:\Windows\System32\DriverStore\FileRepository\nv_dispi.inf_amd64_78cd02ab022cd554;C:\Program Files\Bonjour;C:\Program Files\Common Files\Microsoft Shared\Ink

VM Arguments:
jvm_args: -javaagent:C:\Program Files\JetBrains\IntelliJ IDEA 2024.2.1\lib\idea_rt.jar=56001:C:\Program Files\JetBrains\IntelliJ IDEA 2024.2.1\bin -Dfile.encoding=UTF-8 --module-path=C:\Users\Flori\.m2\repository\org\openjfx\javafx-controls\22\javafx-controls-22-win.jar;C:\Users\Flori\.m2\repository\org\slf4j\slf4j-api\2.0.0-alpha1\slf4j-api-2.0.0-alpha1.jar;C:\Users\Flori\.m2\repository\com\zaxxer\HikariCP\5.0.1\HikariCP-5.0.1.jar;C:\Users\Flori\.m2\repository\org\openjfx\javafx-base\22\javafx-base-22-win.jar;C:\Users\Flori\.m2\repository\org\openjfx\javafx-fxml\22\javafx-fxml-22-win.jar;C:\Users\Flori\.m2\repository\de\jensd\fontawesomefx-fontawesome\4.7.0-9.1.2\fontawesomefx-fontawesome-4.7.0-9.1.2.jar;C:\Users\Flori\IdeaProjects\LogicielF4\target\classes;C:\Users\Flori\.m2\repository\de\jensd\fontawesomefx-commons\9.1.2\fontawesomefx-commons-9.1.2.jar;C:\Users\Flori\.m2\repository\org\openjfx\javafx-graphics\22\javafx-graphics-22-win.jar;C:\Users\Flori\.m2\repository\org\apache\pdfbox\pdfbox\3.0.3\pdfbox-3.0.3.jar -Djdk.module.main=com.f4.logicielf4 
java_command: com.f4.logicielf4/com.f4.logicielf4.App
java_class_path (initial): C:\Users\Flori\.m2\repository\org\openjfx\javafx-controls\22\javafx-controls-22.jar;C:\Users\Flori\.m2\repository\org\openjfx\javafx-graphics\22\javafx-graphics-22.jar;C:\Users\Flori\.m2\repository\org\openjfx\javafx-base\22\javafx-base-22.jar;C:\Users\Flori\.m2\repository\org\openjfx\javafx-fxml\22\javafx-fxml-22.jar;C:\Users\Flori\.m2\repository\com\mysql\mysql-connector-j\8.0.33\mysql-connector-j-8.0.33.jar;C:\Users\Flori\.m2\repository\com\google\protobuf\protobuf-java\3.21.9\protobuf-java-3.21.9.jar;C:\Users\Flori\.m2\repository\com\gluonhq\charm-glisten\6.2.2\charm-glisten-6.2.2.jar;C:\Users\Flori\.m2\repository\org\apache\pdfbox\pdfbox-io\3.0.3\pdfbox-io-3.0.3.jar;C:\Users\Flori\.m2\repository\org\apache\pdfbox\fontbox\3.0.3\fontbox-3.0.3.jar;C:\Users\Flori\.m2\repository\commons-logging\commons-logging\1.3.3\commons-logging-1.3.3.jar;C:\Users\Flori\.m2\repository\com\gluonhq\gluonfx-maven-plugin\1.0.23\gluonfx-maven-plugin-1.0.23.jar;C:\Users\Flori\.m2\repository\com\gluonhq\substrate\0.0.63\substrate-0.0.63.jar;C:\Users\Flori\.m2\repository\com\googlecode\plist\dd-plist\1.23\dd-plist-1.23.jar;C:\Users\Flori\.m2\repository\org\bouncycastle\bcpkix-jdk15on\1.49\bcpkix-jdk15on-1.49.jar;C:\Users\Flori\.m2\repository\org\bouncycastle\bcprov-jdk15on\1.49\bcprov-jdk15on-1.49.jar;C:\Users\Flori\.m2\repository\org\graalvm\nativeimage\svm\21.1.0\svm-21.1.0.jar;C:\Users\Flori\.m2\repository\org\graalvm\sdk\graal-sdk\21.1.0\graal-sdk-21.1.0.jar;C:\Users\Flori\.m2\repository\org\graalvm\nativeimage\objectfile\21.1.0\objectfile-21.1.0.jar;C:\Users\Flori\.m2\repository\org\graalvm\nativeimage\pointsto\21.1.0\pointsto-21.1.0.jar;C:\Users\Flori\.m2\repository\org\graalvm\compiler\compiler\21.1.0\compiler-21.1.0.jar;C:\Users\Flori\.m2\repository\org\graalvm\truffle\truffle-api\21.1.0\truffle-api-21.1.0.jar;C:\Users\Flori\.m2\repository\org\apidesign\bck2brwsr\aot\0.53\aot-0.53.jar;C:\Users\Flori\.m2\repository\org\apidesign\bck2brwsr\vm4brwsr\0.53
Launcher Type: SUN_STANDARD

[Global flags]
     intx CICompilerCount                          = 3                                         {product} {ergonomic}
     uint ConcGCThreads                            = 2                                         {product} {ergonomic}
     uint G1ConcRefinementThreads                  = 6                                         {product} {ergonomic}
   size_t G1HeapRegionSize                         = 2097152                                   {product} {ergonomic}
    uintx GCDrainStackTargetSize                   = 64                                        {product} {ergonomic}
   size_t InitialHeapSize                          = 268435456                                 {product} {ergonomic}
   size_t MarkStackSize                            = 4194304                                   {product} {ergonomic}
   size_t MaxHeapSize                              = 4273995776                                {product} {ergonomic}
   size_t MaxNewSize                               = 2562719744                                {product} {ergonomic}
   size_t MinHeapDeltaBytes                        = 2097152                                   {product} {ergonomic}
   size_t MinHeapSize                              = 8388608                                   {product} {ergonomic}
    uintx NonNMethodCodeHeapSize                   = 5832780                                {pd product} {ergonomic}
    uintx NonProfiledCodeHeapSize                  = 122912730                              {pd product} {ergonomic}
    uintx ProfiledCodeHeapSize                     = 122912730                              {pd product} {ergonomic}
    uintx ReservedCodeCacheSize                    = 251658240                              {pd product} {ergonomic}
     bool SegmentedCodeCache                       = true                                      {product} {ergonomic}
   size_t SoftMaxHeapSize                          = 4273995776                             {manageable} {ergonomic}
     bool UseCompressedClassPointers               = true                           {product lp64_product} {ergonomic}
     bool UseCompressedOops                        = true                           {product lp64_product} {ergonomic}
     bool UseG1GC                                  = true                                      {product} {ergonomic}
     bool UseLargePagesIndividualAllocation        = false                                  {pd product} {ergonomic}

Logging:
Log output configuration:
 #0: stdout all=off uptime,level,tags
 #1: stderr all=off uptime,level,tags

Environment Variables:
PATH=C:\Program Files (x86)\Razer\ChromaBroadcast\bin;C:\Program Files\Razer\ChromaBroadcast\bin;C:\Program Files\MySQL\MySQL Server 8.0\bin;C:\Program Files\NVIDIA Corporation\NVIDIA NvDLISR;C:\Program Files (x86)\NVIDIA Corporation\PhysX\Common;C:\Windows\system32\config\systemprofile\AppData\Local\Microsoft\WindowsApps;C:\Users\Flori\AppData\Local\Programs\Python\Python312\Scripts\;C:\Users\Flori\AppData\Local\Programs\Python\Python312\;C:\Users\Flori\AppData\Local\Programs\Python\Launcher\;C:\Users\Flori\AppData\Local\Microsoft\WindowsApps;C:\Program Files\JetBrains\IntelliJ IDEA 2023.1.4\bin;;C:\Users\Flori\AppData\Local\Programs\Microsoft VS Code\bin;C:\Users\Flori\AppData\Local\Microsoft\WinGet\Packages\Schniz.fnm_Microsoft.Winget.Source_8wekyb3d8bbwe;C:\Users\Flori\AppData\Roaming\npm;C:\Users\Flori\AppData\Local\GitHubDesktop\bin
USERNAME=Flori
OS=Windows_NT
PROCESSOR_IDENTIFIER=Intel64 Family 6 Model 158 Stepping 13, GenuineIntel



---------------  S Y S T E M  ---------------

OS:
 Windows 10 , 64 bit Build 19041 (10.0.19041.4957)
OS uptime: 1 days 3:36 hours

CPU: total 6 (initial active 6) (6 cores per cpu, 1 threads per core) family 6 model 158 stepping 13 microcode 0xb8, cx8, cmov, fxsr, mmx, 3dnowpref, sse, sse2, sse3, ssse3, sse4.1, sse4.2, popcnt, lzcnt, tsc, tscinvbit, avx, avx2, aes, erms, clmul, bmi1, bmi2, adx, fma, vzeroupper, clflush, clflushopt

Memory: 4k page, system-wide physical 16299M (5657M free)
TotalPageFile size 30123M (AvailPageFile size 12278M)
current process WorkingSet (physical memory assigned to process): 364M, peak: 420M
current process commit charge ("private bytes"): 450M, peak: 514M

vm_info: Java HotSpot(TM) 64-Bit Server VM (17.0.12+8-LTS-286) for windows-amd64 JRE (17.0.12+8-LTS-286), built on Jun  5 2024 06:46:59 by "mach5one" with MS VC++ 17.6 (VS2022)

END.
